# --- ROCK-COPYRIGHT-NOTE-BEGIN ---
# 
# This copyright note is auto-generated by ./scripts/Create-CopyPatch.
# Please add additional copyright information _after_ the line containing
# the ROCK-COPYRIGHT-NOTE-END tag. Otherwise it might get removed by
# the ./scripts/Create-CopyPatch script. Do not edit this copyright text!
# 
# ROCK Linux: rock-src/package/base/linux/linux26/disable-broken.lst
# ROCK Linux is Copyright (C) 1998 - 2006 Clifford Wolf
# 
# This program is free software; you can redistribute it and/or modify
# it under the terms of the GNU General Public License as published by
# the Free Software Foundation; either version 2 of the License, or
# (at your option) any later version. A copy of the GNU General Public
# License can be found at Documentation/COPYING.
# 
# Many people helped and are helping developing ROCK Linux. Please
# have a look at http://www.rocklinux.org/ and the Documentation/TEAM
# file for details.
# 
# --- ROCK-COPYRIGHT-NOTE-END ---

# temporary fixes, do check if they have been solved after some time
CONFIG_EXAMPLE			2000-01-01	2.6.0 # example.o

# do not remove the following entries unless you are really sure about it..
CONFIG_BLK_DEV_UB		2005-05-07	2.6.9 # breaks usb-storage

CONFIG_INPUT_EVBUG		2006-07-10	2.6.16 # pollutes dmesg
