Not found on FTP server: abiword
Not found on FTP server: accerciser
Not found on FTP server: acme
Not found on FTP server: alacarte
Not found on FTP server: alleyoop
Not found on FTP server: anjuta
Not found on FTP server: atk
Not found on FTP server: at-poke
Not found on FTP server: at-spi
Not found on FTP server: babl
Not found on FTP server: balsa
Not found on FTP server: battfink
Not found on FTP server: bluefish
Not found on FTP server: brasero
Not found on FTP server: bug-buddy
Not found on FTP server: cairo
Not found on FTP server: cheese
Not found on FTP server: control-center
Not found on FTP server: dasher
Not found on FTP server: deskbar-applet
Not found on FTP server: desktop-file-utils
Not found on FTP server: devhelp
Not found on FTP server: devilspie
Not found on FTP server: dia
Not found on FTP server: drwright
Not found on FTP server: eel
Not found on FTP server: ekiga
Not found on FTP server: empathy
Not found on FTP server: enchant
Not found on FTP server: eog
Not found on FTP server: epiphany
Not found on FTP server: evince
Not found on FTP server: evolution
Not found on FTP server: evolution-data-server
Not found on FTP server: evolution-exchange
Not found on FTP server: evolution-mapi
Not found on FTP server: evolution-webcal
Not found on FTP server: fast-user-switch-applet
Not found on FTP server: figment
Not found on FTP server: file-roller
Not found on FTP server: firestarter
Not found on FTP server: gail
Not found on FTP server: gal
Not found on FTP server: gcalctool
Not found on FTP server: gconf
Not found on FTP server: gconf-editor
Not found on FTP server: gconfmm
Not found on FTP server: gdesklets
Not found on FTP server: gdl
Not found on FTP server: gdm
Not found on FTP server: gedit
Not found on FTP server: gegl
Not found on FTP server: gftp
Not found on FTP server: ggv
Not found on FTP server: ghex
Not found on FTP server: gimp
Not found on FTP server: glabels
Not found on FTP server: glade
Not found on FTP server: glade3
Not found on FTP server: glademm
Not found on FTP server: glib
Not found on FTP server: glib-java
Not found on FTP server: glibmm
Not found on FTP server: gmime
Not found on FTP server: gnet
Not found on FTP server: gnet1
Not found on FTP server: gnome2-dirtree
Not found on FTP server: gnome2-user-docs
Not found on FTP server: gnome-applets
Not found on FTP server: gnome-backgrounds
Not found on FTP server: gnome-blog
Not found on FTP server: gnome-bluetooth
Not found on FTP server: gnome-build
Not found on FTP server: gnome-common
Not found on FTP server: gnome-control-center
Not found on FTP server: gnome-cups-manager
Not found on FTP server: gnome-desktop
Not found on FTP server: gnome-desktop-sharp
Not found on FTP server: gnome-devel-docs
Not found on FTP server: gnome-disk-utility
Not found on FTP server: gnome-doc-utils
Not found on FTP server: gnome-games
Not found on FTP server: gnome-icon-theme
Not found on FTP server: gnomeicu
Not found on FTP server: gnome-keyring
Not found on FTP server: gnome-keyring-manager
Not found on FTP server: gnome-mag
Not found on FTP server: gnome-media
Not found on FTP server: gnome-menus
Not found on FTP server: gnome-mime-data
Not found on FTP server: gnome-netstatus
Not found on FTP server: gnome-nettool
Not found on FTP server: gnome-panel
Not found on FTP server: gnome-pilot
Not found on FTP server: gnome-pilot-conduits
Not found on FTP server: gnome-power-manager
Not found on FTP server: gnome-python
Not found on FTP server: gnome-python-desktop
Not found on FTP server: gnome-python-extras
Not found on FTP server: gnome-screensaver
Not found on FTP server: gnome-session
Not found on FTP server: gnome-settings-daemon
Not found on FTP server: gnome-sharp
Not found on FTP server: gnome-speech
Not found on FTP server: gnome-spell
Not found on FTP server: gnome-system-monitor
Not found on FTP server: gnome-system-tools
Not found on FTP server: gnome-terminal
Not found on FTP server: gnome-themes
Not found on FTP server: gnome-user-docs
Not found on FTP server: gnome-user-share
Not found on FTP server: gnome-utils
Not found on FTP server: gnome-vfs
Not found on FTP server: gnome-vfs-extras
Not found on FTP server: gnome-vfsmm
Not found on FTP server: gnome-vfs-monikers
Not found on FTP server: gnome-volume-manager
Not found on FTP server: gnonlin
Not found on FTP server: gnopernicus
Not found on FTP server: gnumeric
Not found on FTP server: gob
Not found on FTP server: goffice
Not found on FTP server: gok
Not found on FTP server: gossip
Not found on FTP server: gparted
Not found on FTP server: gpdf
Not found on FTP server: grandr_applet
Not found on FTP server: gst-ffmpeg
Not found on FTP server: gst-plugins-base
Not found on FTP server: gst-plugins-good
Not found on FTP server: gstreamer
Not found on FTP server: gthumb
Not found on FTP server: gtk+
Not found on FTP server: gtkdoc
Not found on FTP server: gtk-engines
Not found on FTP server: gtkextra
Not found on FTP server: gtkhtml
Not found on FTP server: gtkmm
Not found on FTP server: gtksourceview
Not found on FTP server: gucharmap
Not found on FTP server: gvfs
Not found on FTP server: gworldclock
Not found on FTP server: hamster-applet
Not found on FTP server: hicolor-icon-theme
Not found on FTP server: icon-naming-utils
Not found on FTP server: iso-codes
Not found on FTP server: libbonobo
Not found on FTP server: libbonoboui
Not found on FTP server: libcanberra
Not found on FTP server: libcroco
Not found on FTP server: libesmtp
Not found on FTP server: libgail-gnome
Not found on FTP server: libgconf-java
Not found on FTP server: libgda
Not found on FTP server: libglade
Not found on FTP server: libglade-java
Not found on FTP server: libglademm
Not found on FTP server: libgnome
Not found on FTP server: libgnomecanvas
Not found on FTP server: libgnomecanvasmm
Not found on FTP server: libgnomecups
Not found on FTP server: libgnomedb
Not found on FTP server: libgnome-java
Not found on FTP server: libgnomekbd
Not found on FTP server: libgnomemm
Not found on FTP server: libgnomeprint
Not found on FTP server: libgnomeprintui
Not found on FTP server: libgnomeui
Not found on FTP server: libgnomeuimm
Not found on FTP server: libgsf
Not found on FTP server: libgtkhtml
Not found on FTP server: libgtk-java
Not found on FTP server: libgtop
Not found on FTP server: libgweather
Not found on FTP server: libidl
Not found on FTP server: libmrproject
Not found on FTP server: libole
Not found on FTP server: liboobs
Not found on FTP server: librsvg
Not found on FTP server: libsoup
Not found on FTP server: libwnck
Not found on FTP server: libxklavier
Not found on FTP server: libxml++
Not found on FTP server: libzvt
Not found on FTP server: lock-keys-applet
Not found on FTP server: loudmouth
Not found on FTP server: memprof
Not found on FTP server: mergeant
Not found on FTP server: metacity
Not found on FTP server: metatheme
Not found on FTP server: mm-common
Not found on FTP server: mousetweaks
Not found on FTP server: mrproject
Not found on FTP server: nautilus
Not found on FTP server: nautilus-cd-burner
Not found on FTP server: netspeed_applet
Not found on FTP server: networkmanager
Not found on FTP server: orbit2
Not found on FTP server: orbitcpp
Not found on FTP server: orca
Not found on FTP server: pan
Not found on FTP server: pango
Not found on FTP server: pangomm
Not found on FTP server: pessulus
Not found on FTP server: pkgview
Not found on FTP server: poppler
Not found on FTP server: poppler-data
Not found on FTP server: pybliographer
Not found on FTP server: pygobject
Not found on FTP server: pygtk
Not found on FTP server: pygtksourceview
Not found on FTP server: pyorbit
Not found on FTP server: quick-lounge-applet
Not found on FTP server: regexxer
Not found on FTP server: rep-gtk
Not found on FTP server: rhythmbox
Not found on FTP server: sabayon
Not found on FTP server: sawfish
Not found on FTP server: scrollkeeper
Not found on FTP server: seahorse
Not found on FTP server: seahorse-plugins
Not found on FTP server: sensors-applet
Not found on FTP server: sound-juicer
Not found on FTP server: spheres-and-crystals
Not found on FTP server: straw
Not found on FTP server: swfdec-gnome
Not found on FTP server: system-tools-backends
Not found on FTP server: tomboy
Not found on FTP server: totem
Not found on FTP server: totem-pl-parser
Not found on FTP server: vinagre
Not found on FTP server: vino
Not found on FTP server: vte
Not found on FTP server: yelp
Not found on FTP server: zenity
Not found on FTP server: abiword
Not found on FTP server: accerciser
Not found on FTP server: acme
Not found on FTP server: alacarte
Not found on FTP server: alleyoop
Not found on FTP server: anjuta
Not found on FTP server: atk
Not found on FTP server: at-poke
Not found on FTP server: at-spi
Not found on FTP server: babl
Not found on FTP server: balsa
Not found on FTP server: battfink
Not found on FTP server: bluefish
Not found on FTP server: brasero
Not found on FTP server: bug-buddy
Not found on FTP server: cairo
Not found on FTP server: cheese
Not found on FTP server: control-center
Not found on FTP server: dasher
Not found on FTP server: deskbar-applet
Not found on FTP server: desktop-file-utils
Not found on FTP server: devhelp
Not found on FTP server: devilspie
Not found on FTP server: dia
Not found on FTP server: drwright
Not found on FTP server: eel
Not found on FTP server: ekiga
Not found on FTP server: empathy
Not found on FTP server: enchant
Not found on FTP server: eog
Not found on FTP server: epiphany
Not found on FTP server: evince
Not found on FTP server: evolution
Not found on FTP server: evolution-data-server
Not found on FTP server: evolution-exchange
Not found on FTP server: evolution-mapi
Not found on FTP server: evolution-webcal
Not found on FTP server: fast-user-switch-applet
Not found on FTP server: figment
Not found on FTP server: file-roller
Not found on FTP server: firestarter
Not found on FTP server: gail
Not found on FTP server: gal
Not found on FTP server: gcalctool
Not found on FTP server: gconf
Not found on FTP server: gconf-editor
Not found on FTP server: gconfmm
Not found on FTP server: gdesklets
Not found on FTP server: gdl
Not found on FTP server: gdm
Not found on FTP server: gedit
Not found on FTP server: gegl
Not found on FTP server: gftp
Not found on FTP server: ggv
Not found on FTP server: ghex
Not found on FTP server: gimp
Not found on FTP server: glabels
Not found on FTP server: glade
Not found on FTP server: glade3
Not found on FTP server: glademm
Not found on FTP server: glib
Not found on FTP server: glib-java
Not found on FTP server: glibmm
Not found on FTP server: gmime
Not found on FTP server: gnet
Not found on FTP server: gnet1
Not found on FTP server: gnome2-dirtree
Not found on FTP server: gnome2-user-docs
Not found on FTP server: gnome-applets
Not found on FTP server: gnome-backgrounds
Not found on FTP server: gnome-blog
Not found on FTP server: gnome-bluetooth
Not found on FTP server: gnome-build
Not found on FTP server: gnome-common
Not found on FTP server: gnome-control-center
Not found on FTP server: gnome-cups-manager
Not found on FTP server: gnome-desktop
Not found on FTP server: gnome-desktop-sharp
Not found on FTP server: gnome-devel-docs
Not found on FTP server: gnome-disk-utility
Not found on FTP server: gnome-doc-utils
Not found on FTP server: gnome-games
Not found on FTP server: gnome-icon-theme
Not found on FTP server: gnomeicu
Not found on FTP server: gnome-keyring
Not found on FTP server: gnome-keyring-manager
Not found on FTP server: gnome-mag
Not found on FTP server: gnome-media
Not found on FTP server: gnome-menus
Not found on FTP server: gnome-mime-data
Not found on FTP server: gnome-netstatus
Not found on FTP server: gnome-nettool
Not found on FTP server: gnome-panel
Not found on FTP server: gnome-pilot
Not found on FTP server: gnome-pilot-conduits
Not found on FTP server: gnome-power-manager
Not found on FTP server: gnome-python
Not found on FTP server: gnome-python-desktop
Not found on FTP server: gnome-python-extras
Not found on FTP server: gnome-screensaver
Not found on FTP server: gnome-session
Not found on FTP server: gnome-settings-daemon
Not found on FTP server: gnome-sharp
Not found on FTP server: gnome-speech
Not found on FTP server: gnome-spell
Not found on FTP server: gnome-system-monitor
Not found on FTP server: gnome-system-tools
Not found on FTP server: gnome-terminal
Not found on FTP server: gnome-themes
Not found on FTP server: gnome-user-docs
Not found on FTP server: gnome-user-share
Not found on FTP server: gnome-utils
Not found on FTP server: gnome-vfs
Not found on FTP server: gnome-vfs-extras
Not found on FTP server: gnome-vfsmm
Not found on FTP server: gnome-vfs-monikers
Not found on FTP server: gnome-volume-manager
Not found on FTP server: gnonlin
Not found on FTP server: gnopernicus
Not found on FTP server: gnumeric
Not found on FTP server: gob
Not found on FTP server: goffice
Not found on FTP server: gok
Not found on FTP server: gossip
Not found on FTP server: gparted
Not found on FTP server: gpdf
Not found on FTP server: grandr_applet
Not found on FTP server: gst-ffmpeg
Not found on FTP server: gst-plugins-base
Not found on FTP server: gst-plugins-good
Not found on FTP server: gstreamer
Not found on FTP server: gthumb
Not found on FTP server: gtk+
Not found on FTP server: gtkdoc
Not found on FTP server: gtk-engines
Not found on FTP server: gtkextra
Not found on FTP server: gtkhtml
Not found on FTP server: gtkmm
Not found on FTP server: gtksourceview
Not found on FTP server: gucharmap
Not found on FTP server: gvfs
Not found on FTP server: gworldclock
Not found on FTP server: hamster-applet
Not found on FTP server: hicolor-icon-theme
Not found on FTP server: icon-naming-utils
Not found on FTP server: iso-codes
Not found on FTP server: libbonobo
Not found on FTP server: libbonoboui
Not found on FTP server: libcanberra
Not found on FTP server: libcroco
Not found on FTP server: libesmtp
Not found on FTP server: libgail-gnome
Not found on FTP server: libgconf-java
Not found on FTP server: libgda
Not found on FTP server: libglade
Not found on FTP server: libglade-java
Not found on FTP server: libglademm
Not found on FTP server: libgnome
Not found on FTP server: libgnomecanvas
Not found on FTP server: libgnomecanvasmm
Not found on FTP server: libgnomecups
Not found on FTP server: libgnomedb
Not found on FTP server: libgnome-java
Not found on FTP server: libgnomekbd
Not found on FTP server: libgnomemm
Not found on FTP server: libgnomeprint
Not found on FTP server: libgnomeprintui
Not found on FTP server: libgnomeui
Not found on FTP server: libgnomeuimm
Not found on FTP server: libgsf
Not found on FTP server: libgtkhtml
Not found on FTP server: libgtk-java
Not found on FTP server: libgtop
Not found on FTP server: libgweather
Not found on FTP server: libidl
Not found on FTP server: libmrproject
Not found on FTP server: libole
Not found on FTP server: liboobs
Not found on FTP server: librsvg
Not found on FTP server: libsoup
Not found on FTP server: libwnck
Not found on FTP server: libxklavier
Not found on FTP server: libxml++
Not found on FTP server: libzvt
Not found on FTP server: lock-keys-applet
Not found on FTP server: loudmouth
Not found on FTP server: memprof
Not found on FTP server: mergeant
Not found on FTP server: metacity
Not found on FTP server: metatheme
Not found on FTP server: mm-common
Not found on FTP server: mousetweaks
Not found on FTP server: mrproject
Not found on FTP server: nautilus
Not found on FTP server: nautilus-cd-burner
Not found on FTP server: netspeed_applet
Not found on FTP server: networkmanager
Not found on FTP server: orbit2
Not found on FTP server: orbitcpp
Not found on FTP server: orca
Not found on FTP server: pan
Not found on FTP server: pango
Not found on FTP server: pangomm
Not found on FTP server: pessulus
Not found on FTP server: pkgview
Not found on FTP server: poppler
Not found on FTP server: poppler-data
Not found on FTP server: pybliographer
Not found on FTP server: pygobject
Not found on FTP server: pygtk
Not found on FTP server: pygtksourceview
Not found on FTP server: pyorbit
Not found on FTP server: quick-lounge-applet
Not found on FTP server: regexxer
Not found on FTP server: rep-gtk
Not found on FTP server: rhythmbox
Not found on FTP server: sabayon
Not found on FTP server: sawfish
Not found on FTP server: scrollkeeper
Not found on FTP server: seahorse
Not found on FTP server: seahorse-plugins
Not found on FTP server: sensors-applet
Not found on FTP server: sound-juicer
Not found on FTP server: spheres-and-crystals
Not found on FTP server: straw
Not found on FTP server: swfdec-gnome
Not found on FTP server: system-tools-backends
Not found on FTP server: tomboy
Not found on FTP server: totem
Not found on FTP server: totem-pl-parser
Not found on FTP server: vinagre
Not found on FTP server: vino
Not found on FTP server: vte
Not found on FTP server: yelp
Not found on FTP server: zenity
Not found on FTP server: abiword
Not found on FTP server: accerciser
Not found on FTP server: acme
Not found on FTP server: alacarte
Not found on FTP server: alleyoop
Not found on FTP server: anjuta
Not found on FTP server: atk
Not found on FTP server: at-poke
Not found on FTP server: at-spi
Not found on FTP server: babl
Not found on FTP server: balsa
Not found on FTP server: battfink
Not found on FTP server: bluefish
Not found on FTP server: brasero
Not found on FTP server: bug-buddy
Not found on FTP server: cairo
Not found on FTP server: cheese
Not found on FTP server: control-center
Not found on FTP server: dasher
Not found on FTP server: deskbar-applet
Not found on FTP server: desktop-file-utils
Not found on FTP server: devhelp
Not found on FTP server: devilspie
Not found on FTP server: dia
Not found on FTP server: drwright
Not found on FTP server: eel
Not found on FTP server: ekiga
Not found on FTP server: empathy
Not found on FTP server: enchant
Not found on FTP server: eog
Not found on FTP server: epiphany
Not found on FTP server: evince
Not found on FTP server: evolution
Not found on FTP server: evolution-data-server
Not found on FTP server: evolution-exchange
Not found on FTP server: evolution-mapi
Not found on FTP server: evolution-webcal
Not found on FTP server: fast-user-switch-applet
Not found on FTP server: figment
Not found on FTP server: file-roller
Not found on FTP server: firestarter
Not found on FTP server: gail
Not found on FTP server: gal
Not found on FTP server: gcalctool
Not found on FTP server: gconf
Not found on FTP server: gconf-editor
Not found on FTP server: gconfmm
Not found on FTP server: gdesklets
Not found on FTP server: gdl
Not found on FTP server: gdm
Not found on FTP server: gedit
Not found on FTP server: gegl
Not found on FTP server: gftp
Not found on FTP server: ggv
Not found on FTP server: ghex
Not found on FTP server: gimp
Not found on FTP server: glabels
Not found on FTP server: glade
Not found on FTP server: glade3
Not found on FTP server: glademm
Not found on FTP server: glib
Not found on FTP server: glib-java
Not found on FTP server: glibmm
Not found on FTP server: gmime
Not found on FTP server: gnet
Not found on FTP server: gnet1
Not found on FTP server: gnome2-dirtree
Not found on FTP server: gnome2-user-docs
Not found on FTP server: gnome-applets
Not found on FTP server: gnome-backgrounds
Not found on FTP server: gnome-blog
Not found on FTP server: gnome-bluetooth
Not found on FTP server: gnome-build
Not found on FTP server: gnome-common
Not found on FTP server: gnome-control-center
Not found on FTP server: gnome-cups-manager
Not found on FTP server: gnome-desktop
Not found on FTP server: gnome-desktop-sharp
Not found on FTP server: gnome-devel-docs
Not found on FTP server: gnome-disk-utility
Not found on FTP server: gnome-doc-utils
Not found on FTP server: gnome-games
Not found on FTP server: gnome-icon-theme
Not found on FTP server: gnomeicu
Not found on FTP server: gnome-keyring
Not found on FTP server: gnome-keyring-manager
Not found on FTP server: gnome-mag
Not found on FTP server: gnome-media
Not found on FTP server: gnome-menus
Not found on FTP server: gnome-mime-data
Not found on FTP server: gnome-netstatus
Not found on FTP server: gnome-nettool
Not found on FTP server: gnome-panel
Not found on FTP server: gnome-pilot
Not found on FTP server: gnome-pilot-conduits
Not found on FTP server: gnome-power-manager
Not found on FTP server: gnome-python
Not found on FTP server: gnome-python-desktop
Not found on FTP server: gnome-python-extras
Not found on FTP server: gnome-screensaver
Not found on FTP server: gnome-session
Not found on FTP server: gnome-settings-daemon
Not found on FTP server: gnome-sharp
Not found on FTP server: gnome-speech
Not found on FTP server: gnome-spell
Not found on FTP server: gnome-system-monitor
Not found on FTP server: gnome-system-tools
Not found on FTP server: gnome-terminal
Not found on FTP server: gnome-themes
Not found on FTP server: gnome-user-docs
Not found on FTP server: gnome-user-share
Not found on FTP server: gnome-utils
Not found on FTP server: gnome-vfs
Not found on FTP server: gnome-vfs-extras
Not found on FTP server: gnome-vfsmm
Not found on FTP server: gnome-vfs-monikers
Not found on FTP server: gnome-volume-manager
Not found on FTP server: gnonlin
Not found on FTP server: gnopernicus
Not found on FTP server: gnumeric
Not found on FTP server: gob
Not found on FTP server: goffice
Not found on FTP server: gok
Not found on FTP server: gossip
Not found on FTP server: gparted
Not found on FTP server: gpdf
Not found on FTP server: grandr_applet
Not found on FTP server: gst-ffmpeg
Not found on FTP server: gst-plugins-base
Not found on FTP server: gst-plugins-good
Not found on FTP server: gstreamer
Not found on FTP server: gthumb
Not found on FTP server: gtk+
Not found on FTP server: gtkdoc
Not found on FTP server: gtk-engines
Not found on FTP server: gtkextra
Not found on FTP server: gtkhtml
Not found on FTP server: gtkmm
Not found on FTP server: gtksourceview
Not found on FTP server: gucharmap
Not found on FTP server: gvfs
Not found on FTP server: gworldclock
Not found on FTP server: hamster-applet
Not found on FTP server: hicolor-icon-theme
Not found on FTP server: icon-naming-utils
Not found on FTP server: iso-codes
Not found on FTP server: libbonobo
Not found on FTP server: libbonoboui
Not found on FTP server: libcanberra
Not found on FTP server: libcroco
Not found on FTP server: libesmtp
Not found on FTP server: libgail-gnome
Not found on FTP server: libgconf-java
Not found on FTP server: libgda
Not found on FTP server: libglade
Not found on FTP server: libglade-java
Not found on FTP server: libglademm
Not found on FTP server: libgnome
Not found on FTP server: libgnomecanvas
Not found on FTP server: libgnomecanvasmm
Not found on FTP server: libgnomecups
Not found on FTP server: libgnomedb
Not found on FTP server: libgnome-java
Not found on FTP server: libgnomekbd
Not found on FTP server: libgnomemm
Not found on FTP server: libgnomeprint
Not found on FTP server: libgnomeprintui
Not found on FTP server: libgnomeui
Not found on FTP server: libgnomeuimm
Not found on FTP server: libgsf
Not found on FTP server: libgtkhtml
Not found on FTP server: libgtk-java
Not found on FTP server: libgtop
Not found on FTP server: libgweather
Not found on FTP server: libidl
Not found on FTP server: libmrproject
Not found on FTP server: libole
Not found on FTP server: liboobs
Not found on FTP server: librsvg
Not found on FTP server: libsoup
Not found on FTP server: libwnck
Not found on FTP server: libxklavier
Not found on FTP server: libxml++
Not found on FTP server: libzvt
Not found on FTP server: lock-keys-applet
Not found on FTP server: loudmouth
Not found on FTP server: memprof
Not found on FTP server: mergeant
Not found on FTP server: metacity
Not found on FTP server: metatheme
Not found on FTP server: mm-common
Not found on FTP server: mousetweaks
Not found on FTP server: mrproject
Not found on FTP server: nautilus
Not found on FTP server: nautilus-cd-burner
Not found on FTP server: netspeed_applet
Not found on FTP server: networkmanager
Not found on FTP server: orbit2
Not found on FTP server: orbitcpp
Not found on FTP server: orca
Not found on FTP server: pan
Not found on FTP server: pango
Not found on FTP server: pangomm
Not found on FTP server: pessulus
Not found on FTP server: pkgview
Not found on FTP server: poppler
Not found on FTP server: poppler-data
Not found on FTP server: pybliographer
Not found on FTP server: pygobject
Not found on FTP server: pygtk
Not found on FTP server: pygtksourceview
Not found on FTP server: pyorbit
Not found on FTP server: quick-lounge-applet
Not found on FTP server: regexxer
Not found on FTP server: rep-gtk
Not found on FTP server: rhythmbox
Not found on FTP server: sabayon
Not found on FTP server: sawfish
Not found on FTP server: scrollkeeper
Not found on FTP server: seahorse
Not found on FTP server: seahorse-plugins
Not found on FTP server: sensors-applet
Not found on FTP server: sound-juicer
Not found on FTP server: spheres-and-crystals
Not found on FTP server: straw
Not found on FTP server: swfdec-gnome
Not found on FTP server: system-tools-backends
Not found on FTP server: tomboy
Not found on FTP server: totem
Not found on FTP server: totem-pl-parser
Not found on FTP server: vinagre
Not found on FTP server: vino
Not found on FTP server: vte
Not found on FTP server: yelp
Not found on FTP server: zenity
